Fri May 29 04:57:14 2026       
+-----------------------------------------------------------------------------------------+
| NVIDIA-SMI 570.195.03             Driver Version: 570.195.03     CUDA Version: 12.8     |
|-----------------------------------------+------------------------+----------------------+
| GPU  Name                 Persistence-M | Bus-Id          Disp.A | Volatile Uncorr. ECC |
| Fan  Temp   Perf          Pwr:Usage/Cap |           Memory-Usage | GPU-Util  Compute M. |
|                                         |                        |               MIG M. |
|=========================================+========================+======================|
|   0  NVIDIA H200                    On  |   00000000:23:00.0 Off |                    0 |
| N/A   38C    P0             79W /  700W |       0MiB / 143771MiB |      0%      Default |
|                                         |                        |             Disabled |
+-----------------------------------------+------------------------+----------------------+
|   1  NVIDIA H200                    On  |   00000000:29:00.0 Off |                    0 |
| N/A   32C    P0             78W /  700W |       0MiB / 143771MiB |      0%      Default |
|                                         |                        |             Disabled |
+-----------------------------------------+------------------------+----------------------+
|   2  NVIDIA H200                    On  |   00000000:2F:00.0 Off |                    0 |
| N/A   31C    P0             77W /  700W |       0MiB / 143771MiB |      0%      Default |
|                                         |                        |             Disabled |
+-----------------------------------------+------------------------+----------------------+
|   3  NVIDIA H200                    On  |   00000000:35:00.0 Off |                    0 |
| N/A   35C    P0             77W /  700W |       0MiB / 143771MiB |      0%      Default |
|                                         |                        |             Disabled |
+-----------------------------------------+------------------------+----------------------+
|   4  NVIDIA H200                    On  |   00000000:49:00.0 Off |                    0 |
| N/A   36C    P0             78W /  700W |       0MiB / 143771MiB |      0%      Default |
|                                         |                        |             Disabled |
+-----------------------------------------+------------------------+----------------------+
|   5  NVIDIA H200                    On  |   00000000:4F:00.0 Off |                    0 |
| N/A   32C    P0             78W /  700W |       0MiB / 143771MiB |      0%      Default |
|                                         |                        |             Disabled |
+-----------------------------------------+------------------------+----------------------+
|   6  NVIDIA H200                    On  |   00000000:55:00.0 Off |                    0 |
| N/A   36C    P0             78W /  700W |       0MiB / 143771MiB |      0%      Default |
|                                         |                        |             Disabled |
+-----------------------------------------+------------------------+----------------------+
|   7  NVIDIA H200                    On  |   00000000:5B:00.0 Off |                    0 |
| N/A   31C    P0             76W /  700W |       0MiB / 143771MiB |      0%      Default |
|                                         |                        |             Disabled |
+-----------------------------------------+------------------------+----------------------+
                                                                                         
+-----------------------------------------------------------------------------------------+
| Processes:                                                                              |
|  GPU   GI   CI              PID   Type   Process name                        GPU Memory |
|        ID   ID                                                               Usage      |
|=========================================================================================|
|  No running processes found                                                             |
+-----------------------------------------------------------------------------------------+
[cfg] B=1 H=5 D=128 frame_seqlen=1508 lat_f=21
[cfg] namespace(quant_type='triton-nstages-kmeans-int2', cache_num_k_centroids=256, cache_num_v_centroids=256, kmeans_max_iters=2, quant_block_size=64, num_prq_stages=1)
[1] compress_kv_cache OK | k_q type=dict v_q type=dict
    k_q keys: ['centroids_list', 'cluster_ids_list', 'residual_quant', 'scales']
[2] ChunkedKVCache BF16 round-trip rel_l2 = 0.000000e+00 (should be ~0)
[3] Mixed read rel_l2: k=0.4707, v=0.4707 (int2 first half + BF16 second half — first half should drive error)
    k first-half (quantized) rel_l2 = 0.6875
    k second-half (BF16)      rel_l2 = 0.000000e+00
[4] shapes match: (1, 31668, 5, 128)
[5] reference K size BF16 = 38.66 MB
    after compressing half: cache_k2 quant span count = 1, BF16 chunks held = 11

ALL SMOKE TESTS PASSED
