+ source /home/haocheng/anaconda3/etc/profile.d/conda.sh
++ export CONDA_EXE=/home/haocheng/anaconda3/bin/conda
++ CONDA_EXE=/home/haocheng/anaconda3/bin/conda
++ export _CONDA_EXE=/home/haocheng/anaconda3/bin/conda
++ _CONDA_EXE=/home/haocheng/anaconda3/bin/conda
++ export _CE_M=
++ _CE_M=
++ export _CE_CONDA=
++ _CE_CONDA=
++ export CONDA_PYTHON_EXE=/home/haocheng/anaconda3/bin/python
++ CONDA_PYTHON_EXE=/home/haocheng/anaconda3/bin/python
++ export _CONDA_ROOT=/home/haocheng/anaconda3
++ _CONDA_ROOT=/home/haocheng/anaconda3
++ '[' -z x ']'
+ conda activate lingbot
+ local cmd=activate
+ case "$cmd" in
+ __conda_activate activate lingbot
+ '[' -n '' ']'
+ local ask_conda
++ PS1=
++ __conda_exe shell.posix activate lingbot
++ '[' -n '' ']'
++ /home/haocheng/anaconda3/bin/conda shell.posix activate lingbot
+ ask_conda='. "/home/haocheng/anaconda3/etc/conda/deactivate.d/libglib_deactivate.sh"
. "/home/haocheng/anaconda3/etc/conda/deactivate.d/deactivate.sh"
export _CE_M='\'''\''
export _CE_CONDA='\'''\''
PS1='\''(lingbot) '\''
export PATH='\''/usr/bin:/home/haocheng/.local/bin:/data/home/haocheng/.vscode-server/cli/servers/Stable-f6cfa2ea2403534de03f069bdf160d06451ed282/server/bin/remote-cli:/home/haocheng/.local/bin:/home/haocheng/.nvm/versions/node/v25.9.0/bin:/home/haocheng/anaconda3/envs/lingbot/bin:/home/haocheng/anaconda3/condabin:/usr/local/sbin:/usr/local/bin:/usr/sbin:/usr/bin:/sbin:/bin:/usr/games:/usr/local/games:/snap/bin'\''
export CONDA_PREFIX='\''/home/haocheng/anaconda3/envs/lingbot'\''
export CONDA_SHLVL='\''2'\''
export CONDA_DEFAULT_ENV='\''lingbot'\''
export CONDA_PROMPT_MODIFIER='\''(lingbot) '\''
export CONDA_PREFIX_1='\''/home/haocheng/anaconda3'\''
export CONDA_EXE='\''/home/haocheng/anaconda3/bin/conda'\''
export _CONDA_EXE='\''/home/haocheng/anaconda3/bin/conda'\''
export CONDA_PYTHON_EXE='\''/home/haocheng/anaconda3/bin/python'\''
export _CONDA_ROOT='\''/home/haocheng/anaconda3'\'''
+ eval '. "/home/haocheng/anaconda3/etc/conda/deactivate.d/libglib_deactivate.sh"
. "/home/haocheng/anaconda3/etc/conda/deactivate.d/deactivate.sh"
export _CE_M='\'''\''
export _CE_CONDA='\'''\''
PS1='\''(lingbot) '\''
export PATH='\''/usr/bin:/home/haocheng/.local/bin:/data/home/haocheng/.vscode-server/cli/servers/Stable-f6cfa2ea2403534de03f069bdf160d06451ed282/server/bin/remote-cli:/home/haocheng/.local/bin:/home/haocheng/.nvm/versions/node/v25.9.0/bin:/home/haocheng/anaconda3/envs/lingbot/bin:/home/haocheng/anaconda3/condabin:/usr/local/sbin:/usr/local/bin:/usr/sbin:/usr/bin:/sbin:/bin:/usr/games:/usr/local/games:/snap/bin'\''
export CONDA_PREFIX='\''/home/haocheng/anaconda3/envs/lingbot'\''
export CONDA_SHLVL='\''2'\''
export CONDA_DEFAULT_ENV='\''lingbot'\''
export CONDA_PROMPT_MODIFIER='\''(lingbot) '\''
export CONDA_PREFIX_1='\''/home/haocheng/anaconda3'\''
export CONDA_EXE='\''/home/haocheng/anaconda3/bin/conda'\''
export _CONDA_EXE='\''/home/haocheng/anaconda3/bin/conda'\''
export CONDA_PYTHON_EXE='\''/home/haocheng/anaconda3/bin/python'\''
export _CONDA_ROOT='\''/home/haocheng/anaconda3'\'''
++ . /home/haocheng/anaconda3/etc/conda/deactivate.d/libglib_deactivate.sh
+++ export GSETTINGS_SCHEMA_DIR=
+++ GSETTINGS_SCHEMA_DIR=
+++ unset GSETTINGS_SCHEMA_DIR_CONDA_BACKUP
+++ '[' -z ']'
+++ unset GSETTINGS_SCHEMA_DIR
++ . /home/haocheng/anaconda3/etc/conda/deactivate.d/deactivate.sh
+++ unset __EGL_VENDOR_LIBRARY_DIRS
++ export _CE_M=
++ _CE_M=
++ export _CE_CONDA=
++ _CE_CONDA=
++ PS1='(lingbot) '
++ export PATH=/usr/bin:/home/haocheng/.local/bin:/data/home/haocheng/.vscode-server/cli/servers/Stable-f6cfa2ea2403534de03f069bdf160d06451ed282/server/bin/remote-cli:/home/haocheng/.local/bin:/home/haocheng/.nvm/versions/node/v25.9.0/bin:/home/haocheng/anaconda3/envs/lingbot/bin:/home/haocheng/anaconda3/condabin:/usr/local/sbin:/usr/local/bin:/usr/sbin:/usr/bin:/sbin:/bin:/usr/games:/usr/local/games:/snap/bin
++ PATH=/usr/bin:/home/haocheng/.local/bin:/data/home/haocheng/.vscode-server/cli/servers/Stable-f6cfa2ea2403534de03f069bdf160d06451ed282/server/bin/remote-cli:/home/haocheng/.local/bin:/home/haocheng/.nvm/versions/node/v25.9.0/bin:/home/haocheng/anaconda3/envs/lingbot/bin:/home/haocheng/anaconda3/condabin:/usr/local/sbin:/usr/local/bin:/usr/sbin:/usr/bin:/sbin:/bin:/usr/games:/usr/local/games:/snap/bin
++ export CONDA_PREFIX=/home/haocheng/anaconda3/envs/lingbot
++ CONDA_PREFIX=/home/haocheng/anaconda3/envs/lingbot
++ export CONDA_SHLVL=2
++ CONDA_SHLVL=2
++ export CONDA_DEFAULT_ENV=lingbot
++ CONDA_DEFAULT_ENV=lingbot
++ export 'CONDA_PROMPT_MODIFIER=(lingbot) '
++ CONDA_PROMPT_MODIFIER='(lingbot) '
++ export CONDA_PREFIX_1=/home/haocheng/anaconda3
++ CONDA_PREFIX_1=/home/haocheng/anaconda3
++ export CONDA_EXE=/home/haocheng/anaconda3/bin/conda
++ CONDA_EXE=/home/haocheng/anaconda3/bin/conda
++ export _CONDA_EXE=/home/haocheng/anaconda3/bin/conda
++ _CONDA_EXE=/home/haocheng/anaconda3/bin/conda
++ export CONDA_PYTHON_EXE=/home/haocheng/anaconda3/bin/python
++ CONDA_PYTHON_EXE=/home/haocheng/anaconda3/bin/python
++ export _CONDA_ROOT=/home/haocheng/anaconda3
++ _CONDA_ROOT=/home/haocheng/anaconda3
+ __conda_hashr
+ '[' -n '' ']'
+ '[' -n '' ']'
+ hash -r
+ REPO=/data/home/haocheng/workspace/QuantVideoGen/Quant-VideoGen
+ cd /data/home/haocheng/workspace/QuantVideoGen/Quant-VideoGen
+ nvidia-smi
+ export PYTHONPATH=experiments/LingBot:.:
+ PYTHONPATH=experiments/LingBot:.:
+ python experiments/LingBot/qvg_smoke_test.py
